<?xml version="1.0" encoding="UTF-8"?>
<testng-results ignored="0" total="5" passed="5" failed="0" skipped="0">
  <reporter-output>
  </reporter-output>
  <suite started-at="2024-10-26T16:49:04 IST" name="Default suite" finished-at="2024-10-26T16:49:57 IST" duration-ms="52857">
    <groups>
    </groups>
    <test started-at="2024-10-26T16:49:04 IST" name="Default test" finished-at="2024-10-26T16:49:57 IST" duration-ms="52857">
      <class name="github_project.CuraHealthcare_Page">
        <test-method is-config="true" signature="beforeClass()[pri:0, instance:github_project.CuraHealthcare_Page@4681c175]" started-at="2024-10-26T16:49:04 IST" name="beforeClass" finished-at="2024-10-26T16:49:14 IST" duration-ms="9684" status="PASS">
          <reporter-output>
          </reporter-output>
        </test-method> <!-- beforeClass -->
        <test-method signature="loginpageMethod()[pri:0, instance:github_project.CuraHealthcare_Page@4681c175]" started-at="2024-10-26T16:49:14 IST" name="loginpageMethod" finished-at="2024-10-26T16:49:26 IST" duration-ms="12219" status="PASS">
          <reporter-output>
          </reporter-output>
        </test-method> <!-- loginpageMethod -->
        <test-method signature="makeappointmentpageMethod()[pri:1, instance:github_project.CuraHealthcare_Page@4681c175]" started-at="2024-10-26T16:49:26 IST" name="makeappointmentpageMethod" finished-at="2024-10-26T16:49:42 IST" duration-ms="16012" status="PASS">
          <reporter-output>
          </reporter-output>
        </test-method> <!-- makeappointmentpageMethod -->
        <test-method signature="confirmationpageMethod()[pri:2, instance:github_project.CuraHealthcare_Page@4681c175]" started-at="2024-10-26T16:49:42 IST" name="confirmationpageMethod" finished-at="2024-10-26T16:49:45 IST" duration-ms="2939" status="PASS">
          <reporter-output>
          </reporter-output>
        </test-method> <!-- confirmationpageMethod -->
        <test-method signature="historypageMethod()[pri:3, instance:github_project.CuraHealthcare_Page@4681c175]" started-at="2024-10-26T16:49:45 IST" name="historypageMethod" finished-at="2024-10-26T16:49:52 IST" duration-ms="6879" status="PASS">
          <reporter-output>
          </reporter-output>
        </test-method> <!-- historypageMethod -->
        <test-method signature="logoutpageMethod()[pri:4, instance:github_project.CuraHealthcare_Page@4681c175]" started-at="2024-10-26T16:49:52 IST" name="logoutpageMethod" finished-at="2024-10-26T16:49:57 IST" duration-ms="4812" status="PASS">
          <reporter-output>
          </reporter-output>
        </test-method> <!-- logoutpageMethod -->
        <test-method is-config="true" signature="afterClass()[pri:0, instance:github_project.CuraHealthcare_Page@4681c175]" started-at="2024-10-26T16:49:57 IST" name="afterClass" finished-at="2024-10-26T16:49:57 IST" duration-ms="218" status="PASS">
          <reporter-output>
          </reporter-output>
        </test-method> <!-- afterClass -->
      </class> <!-- github_project.CuraHealthcare_Page -->
    </test> <!-- Default test -->
  </suite> <!-- Default suite -->
</testng-results>
