<?xml version="1.0" encoding="UTF-8"?>
<!-- Generated by org.testng.reporters.JUnitXMLReporter -->
<testsuite ignored="0" hostname="LAPTOP-4T0UG90S" failures="0" tests="5" name="Default test" time="52.857" errors="0" timestamp="2024-10-26T16:49:57 IST">
  <testcase classname="github_project.CuraHealthcare_Page" name="loginpageMethod" time="12.219"/>
  <testcase classname="github_project.CuraHealthcare_Page" name="makeappointmentpageMethod" time="16.012"/>
  <testcase classname="github_project.CuraHealthcare_Page" name="confirmationpageMethod" time="2.939"/>
  <testcase classname="github_project.CuraHealthcare_Page" name="historypageMethod" time="6.879"/>
  <testcase classname="github_project.CuraHealthcare_Page" name="logoutpageMethod" time="4.812"/>
</testsuite> <!-- Default test -->
