<?xml version="1.0" encoding="UTF-8"?>
<testng-results ignored="0" total="6" passed="6" failed="0" skipped="0">
  <reporter-output>
  </reporter-output>
  <suite started-at="2024-10-27T17:50:12 IST" name="Default suite" finished-at="2024-10-27T17:51:52 IST" duration-ms="100096">
    <groups>
    </groups>
    <test started-at="2024-10-27T17:50:12 IST" name="Default test" finished-at="2024-10-27T17:51:52 IST" duration-ms="100096">
      <class name="github_projects.SwagLabsPage">
        <test-method is-config="true" signature="beforeClass()[pri:0, instance:github_projects.SwagLabsPage@57a78e3]" started-at="2024-10-27T17:50:12 IST" name="beforeClass" finished-at="2024-10-27T17:50:22 IST" duration-ms="10166" status="PASS">
          <reporter-output>
          </reporter-output>
        </test-method> <!-- beforeClass -->
        <test-method signature="loginMethod()[pri:1, instance:github_projects.SwagLabsPage@57a78e3]" started-at="2024-10-27T17:50:22 IST" name="loginMethod" finished-at="2024-10-27T17:50:29 IST" duration-ms="6547" status="PASS">
          <reporter-output>
          </reporter-output>
        </test-method> <!-- loginMethod -->
        <test-method signature="homeMethod()[pri:2, instance:github_projects.SwagLabsPage@57a78e3]" started-at="2024-10-27T17:50:29 IST" name="homeMethod" finished-at="2024-10-27T17:51:05 IST" duration-ms="36751" status="PASS">
          <reporter-output>
          </reporter-output>
        </test-method> <!-- homeMethod -->
        <test-method signature="productMethod()[pri:3, instance:github_projects.SwagLabsPage@57a78e3]" started-at="2024-10-27T17:51:05 IST" name="productMethod" finished-at="2024-10-27T17:51:22 IST" duration-ms="16949" status="PASS">
          <reporter-output>
          </reporter-output>
        </test-method> <!-- productMethod -->
        <test-method signature="cartMethod()[pri:4, instance:github_projects.SwagLabsPage@57a78e3]" started-at="2024-10-27T17:51:22 IST" name="cartMethod" finished-at="2024-10-27T17:51:31 IST" duration-ms="8345" status="PASS">
          <reporter-output>
          </reporter-output>
        </test-method> <!-- cartMethod -->
        <test-method signature="checkoutMethod()[pri:5, instance:github_projects.SwagLabsPage@57a78e3]" started-at="2024-10-27T17:51:31 IST" name="checkoutMethod" finished-at="2024-10-27T17:51:45 IST" duration-ms="14772" status="PASS">
          <reporter-output>
          </reporter-output>
        </test-method> <!-- checkoutMethod -->
        <test-method signature="logoutMethod()[pri:6, instance:github_projects.SwagLabsPage@57a78e3]" started-at="2024-10-27T17:51:45 IST" name="logoutMethod" finished-at="2024-10-27T17:51:52 IST" duration-ms="6207" status="PASS">
          <reporter-output>
          </reporter-output>
        </test-method> <!-- logoutMethod -->
        <test-method is-config="true" signature="afterClass()[pri:0, instance:github_projects.SwagLabsPage@57a78e3]" started-at="2024-10-27T17:51:52 IST" name="afterClass" finished-at="2024-10-27T17:51:52 IST" duration-ms="224" status="PASS">
          <reporter-output>
          </reporter-output>
        </test-method> <!-- afterClass -->
      </class> <!-- github_projects.SwagLabsPage -->
    </test> <!-- Default test -->
  </suite> <!-- Default suite -->
</testng-results>
