<?xml version="1.0" encoding="UTF-8"?>
<!-- Generated by org.testng.reporters.JUnitXMLReporter -->
<testsuite ignored="0" hostname="LAPTOP-4T0UG90S" failures="0" tests="6" name="Default test" time="100.096" errors="0" timestamp="2024-10-27T17:51:52 IST">
  <testcase classname="github_projects.SwagLabsPage" name="loginMethod" time="6.547"/>
  <testcase classname="github_projects.SwagLabsPage" name="homeMethod" time="36.751"/>
  <testcase classname="github_projects.SwagLabsPage" name="productMethod" time="16.949"/>
  <testcase classname="github_projects.SwagLabsPage" name="cartMethod" time="8.345"/>
  <testcase classname="github_projects.SwagLabsPage" name="checkoutMethod" time="14.772"/>
  <testcase classname="github_projects.SwagLabsPage" name="logoutMethod" time="6.207"/>
</testsuite> <!-- Default test -->
